<testsuites id="" name="" tests="2" failures="0" skipped="1" errors="0" time="7.777096999999999">
<testsuite name="test.spec.ts" timestamp="2025-07-25T19:06:24.723Z" hostname="" tests="2" failures="0" skipped="1" time="5.259" errors="0">
<testcase name="should submit the form" classname="test.spec.ts" time="5.259">
<system-out>
<![CDATA[begin Auto run selectDashboardOptions
end Auto run selectDashboardOptions
testfile: selectOptions fixture auto run ended
begin fillPracticeForm
end fillPracticeForm
testfile: fillPracticeForm fixture ended
testfile: expecting started
testfile: finished expecting
tierdown fillPracticeForm
tierdown selectDashboardOptions
]]>
</system-out>
</testcase>
<testcase name="latest email has expected subject and from" classname="test.spec.ts" time="0">
<properties>
<property name="skip" value="">
</property>
</properties>
<skipped>
</skipped>
</testcase>
</testsuite>
</testsuites>